<?xml version="1.0" encoding="UTF-8"?>
<!-- Generated by org.testng.reporters.JUnitXMLReporter -->
<testsuite ignored="2" hostname="LAPTOP-P5TRHBSI" failures="0" tests="1" name="Default test" time="0.421" errors="0" timestamp="2022-01-12T00:01:21 IST">
  <testcase classname="Demo" name="test" time="0.01"/>
  <testcase classname="Demo" name="LoginTest" time="0.0">
    <ignored/>
  </testcase> <!-- LoginTest -->
  <testcase classname="Demo" name="login" time="0.0">
    <ignored/>
  </testcase> <!-- login -->
</testsuite> <!-- Default test -->
