<?xml version="1.0" encoding="UTF-8"?>
<testng-results ignored="2" total="3" passed="1" failed="0" skipped="0">
  <reporter-output>
  </reporter-output>
  <suite started-at="2022-01-12T00:01:21 IST" name="Default suite" finished-at="2022-01-12T00:01:21 IST" duration-ms="421">
    <groups>
    </groups>
    <test started-at="2022-01-12T00:01:21 IST" name="Default test" finished-at="2022-01-12T00:01:21 IST" duration-ms="421">
      <class name="Demo">
        <test-method is-config="true" signature="startTest()[pri:0, instance:Demo@231f98ef]" started-at="2022-01-12T00:01:21 IST" name="startTest" finished-at="2022-01-12T00:01:21 IST" duration-ms="135" status="PASS">
          <reporter-output>
          </reporter-output>
        </test-method> <!-- startTest -->
        <test-method signature="test()[pri:0, instance:Demo@231f98ef]" started-at="2022-01-12T00:01:21 IST" name="test" finished-at="2022-01-12T00:01:21 IST" duration-ms="10" status="PASS">
          <reporter-output>
          </reporter-output>
        </test-method> <!-- test -->
        <test-method is-config="true" signature="endTest()[pri:0, instance:Demo@231f98ef]" started-at="2022-01-12T00:01:21 IST" name="endTest" finished-at="2022-01-12T00:01:21 IST" duration-ms="248" status="PASS">
          <reporter-output>
          </reporter-output>
        </test-method> <!-- endTest -->
      </class> <!-- Demo -->
    </test> <!-- Default test -->
  </suite> <!-- Default suite -->
</testng-results>
